#
# A fatal error has been detected by the Java Runtime Environment:
#
#  EXCEPTION_ACCESS_VIOLATION (0xc0000005) at pc=0x6d971786, pid=5064, tid=2160
#
# JRE version: 6.0_21-b07
# Java VM: Java HotSpot(TM) Client VM (17.0-b17 mixed mode windows-x86 )
# Problematic frame:
# V  [jvm.dll+0x171786]
#
# If you would like to submit a bug report, please visit:
#   http://java.sun.com/webapps/bugreport/crash.jsp
#

---------------  T H R E A D  ---------------

Current thread (0x01487800):  VMThread [stack: 0x00dd0000,0x00e20000] [id=2160]

siginfo: ExceptionCode=0xc0000005, reading address 0x00001f10

Registers:
EAX=0x00001f00, EBX=0x00000000, ECX=0x00090000, EDX=0x13748be0
ESP=0x00e1f7bc, EBP=0x00e1f7bc, ESI=0x00090000, EDI=0x13748de0
EIP=0x6d971786, EFLAGS=0x00010206

Top of Stack: (sp=0x00e1f7bc)
0x00e1f7bc:   00e1f7d0 6d821baa 13748daf 13748de0
0x00e1f7cc:   00e1f7f0 00e1f808 6d8cd7b6 13748de0
0x00e1f7dc:   00000000 01487800 00e1f8b8 6d8cdf51
0x00e1f7ec:   00e1f8b0 01487d68 00000000 00000000
0x00e1f7fc:   0000045d 00e1f8b0 00e1f86c 00e1f86c
0x00e1f80c:   6d8d0535 01487d68 01472e28 00e1f8b0
0x00e1f81c:   00010100 00e1f8d0 00000000 00000000
0x00e1f82c:   00e1f8d0 01400348 00000000 04a600f1 

Instructions: (pc=0x6d971786)
0x6d971776:   cc cc cc cc cc cc cc cc cc cc 55 8b ec 8b 41 0c
0x6d971786:   8b 50 10 8b 82 10 01 00 00 85 c0 56 57 74 26 8b 


Stack: [0x00dd0000,0x00e20000],  sp=0x00e1f7bc,  free space=13d00e1f338k
Native frames: (J=compiled Java code, j=interpreted, Vv=VM code, C=native code)
V  [jvm.dll+0x171786]
V  [jvm.dll+0x21baa]
V  [jvm.dll+0xcd7b6]
V  [jvm.dll+0xd0535]
V  [jvm.dll+0x17fedb]
V  [jvm.dll+0x18016d]
V  [jvm.dll+0x1803b3]
V  [jvm.dll+0x180454]
V  [jvm.dll+0xdbb26]
V  [jvm.dll+0x171114]
V  [jvm.dll+0xb6277]
V  [jvm.dll+0xb6392]
V  [jvm.dll+0x1e4468]
V  [jvm.dll+0x1e484f]
V  [jvm.dll+0x1a9109]
V  [jvm.dll+0xcc110]
V  [jvm.dll+0xccac2]
V  [jvm.dll+0xccd7b]
V  [jvm.dll+0xd0dea]
V  [jvm.dll+0x1e1382]
V  [jvm.dll+0xcbb78]
V  [jvm.dll+0xcbf61]
V  [jvm.dll+0x1fd53d]
V  [jvm.dll+0x2002e3]
V  [jvm.dll+0x1ff5ce]
V  [jvm.dll+0x1ff8f0]
V  [jvm.dll+0x1ffce2]
V  [jvm.dll+0x185f5c]
C  [msvcr71.dll+0x9565]
C  [kernel32.dll+0x43823]
C  [ntdll.dll+0x3a9bd]

JavaThread 0x17c52800 (nid = 496) was being processed
Java frames: (J=compiled Java code, j=interpreted, Vv=VM code)
j  java.lang.Runtime.gc()V+0
j  java.lang.System.gc()V+3

[error occurred during error reporting (printing target Java thread stack), id 0xc0000005]

VM_Operation (0x1839f10c): GenCollectFull, mode: safepoint, requested by thread 0x17c52800


---------------  P R O C E S S  ---------------

Java Threads: ( => current thread )
  0x18c75000 JavaThread "TimerQueue" daemon [_thread_blocked, id=3536, stack(0x18420000,0x18470000)]
  0x17c52800 JavaThread "AWT-EventQueue-0" [_thread_blocked, id=496, stack(0x18350000,0x183a0000)]
  0x17ca3800 JavaThread "AWT-Windows" daemon [_thread_in_native, id=4672, stack(0x18300000,0x18350000)]
  0x17ca1000 JavaThread "AWT-Shutdown" [_thread_blocked, id=2708, stack(0x182b0000,0x18300000)]
  0x17c9ec00 JavaThread "Java2D Disposer" daemon [_thread_blocked, id=4528, stack(0x17ac0000,0x17b10000)]
  0x014e4800 JavaThread "Low Memory Detector" daemon [_thread_blocked, id=4620, stack(0x17a20000,0x17a70000)]
  0x014df800 JavaThread "CompilerThread0" daemon [_thread_blocked, id=1676, stack(0x17870000,0x178c0000)]
  0x014cc400 JavaThread "JDWP Command Reader" daemon [_thread_in_native, id=2932, stack(0x17820000,0x17870000)]
  0x014cb400 JavaThread "JDWP Event Helper Thread" daemon [_thread_blocked, id=2632, stack(0x17780000,0x177d0000)]
  0x014c8400 JavaThread "JDWP Transport Listener: dt_socket" daemon [_thread_blocked, id=1964, stack(0x17730000,0x17780000)]
  0x014bb800 JavaThread "Attach Listener" daemon [_thread_blocked, id=4220, stack(0x17670000,0x176c0000)]
  0x014b8800 JavaThread "Signal Dispatcher" daemon [_thread_blocked, id=5976, stack(0x17620000,0x17670000)]
  0x0148ec00 JavaThread "Finalizer" daemon [_thread_blocked, id=3184, stack(0x01500000,0x01550000)]
  0x0148a000 JavaThread "Reference Handler" daemon [_thread_blocked, id=5720, stack(0x011b0000,0x01200000)]
  0x00869c00 JavaThread "main" [_thread_blocked, id=4164, stack(0x00350000,0x003a0000)]

Other Threads:
=>0x01487800 VMThread [stack: 0x00dd0000,0x00e20000] [id=2160]
  0x014ed800 WatcherThread [stack: 0x17a70000,0x17ac0000] [id=5340]

VM state:at safepoint (normal execution)

VM Mutex/Monitor currently owned by a thread:  ([mutex/lock_event])
[0x008677b8] Threads_lock - owner thread: 0x01487800
[0x00867bc8] Heap_lock - owner thread: 0x17c52800

Heap
 def new generation   total 11072K, used 7K [0x03570000, 0x04170000, 0x08ac0000)
  eden space 9856K,   0% used [0x03570000, 0x03571e00, 0x03f10000)
  from space 1216K,   0% used [0x04040000, 0x04040000, 0x04170000)
  to   space 1216K,   0% used [0x03f10000, 0x03f10000, 0x04040000)
 tenured generation   total 24476K, used 10750K [0x08ac0000, 0x0a2a7000, 0x13570000)
   the space 24476K,  43% used [0x08ac0000, 0x0953fb70, 0x0944b600, 0x0a2a7000)
 compacting perm gen  total 12288K, used 11785K [0x13570000, 0x14170000, 0x17570000)
   the space 12288K,  95% used [0x13570000, 0x140f2448, 0x140e9e00, 0x14170000)
No shared spaces configured.

Dynamic libraries:
0x00400000 - 0x00424000 	C:\Program Files\Java\jre6\bin\javaw.exe
0x77cc0000 - 0x77dde000 	C:\Windows\system32\ntdll.dll
0x763b0000 - 0x76488000 	C:\Windows\system32\kernel32.dll
0x77b70000 - 0x77c2f000 	C:\Windows\system32\ADVAPI32.dll
0x769f0000 - 0x76ab3000 	C:\Windows\system32\RPCRT4.dll
0x76950000 - 0x769ee000 	C:\Windows\system32\USER32.dll
0x77b10000 - 0x77b5b000 	C:\Windows\system32\GDI32.dll
0x77820000 - 0x7783e000 	C:\Windows\system32\IMM32.DLL
0x77750000 - 0x77817000 	C:\Windows\system32\MSCTF.dll
0x77e50000 - 0x77efa000 	C:\Windows\system32\msvcrt.dll
0x77b60000 - 0x77b69000 	C:\Windows\system32\LPK.DLL
0x77890000 - 0x7790d000 	C:\Windows\system32\USP10.dll
0x7c340000 - 0x7c396000 	C:\Program Files\Java\jre6\bin\msvcr71.dll
0x6d800000 - 0x6daa7000 	C:\Program Files\Java\jre6\bin\client\jvm.dll
0x74c20000 - 0x74c53000 	C:\Windows\system32\WINMM.dll
0x76620000 - 0x76764000 	C:\Windows\system32\ole32.dll
0x77c30000 - 0x77cbc000 	C:\Windows\system32\OLEAUT32.dll
0x74be0000 - 0x74c18000 	C:\Windows\system32\OLEACC.dll
0x761b0000 - 0x761dc000 	C:\Windows\system32\apphelp.dll
0x6d7b0000 - 0x6d7bc000 	C:\Program Files\Java\jre6\bin\verify.dll
0x6d330000 - 0x6d34f000 	C:\Program Files\Java\jre6\bin\java.dll
0x6d290000 - 0x6d298000 	C:\Program Files\Java\jre6\bin\hpi.dll
0x763a0000 - 0x763a7000 	C:\Windows\system32\PSAPI.DLL
0x6d380000 - 0x6d3a9000 	C:\Program Files\Java\jre6\bin\jdwp.dll
0x6d6a0000 - 0x6d6a6000 	C:\Program Files\Java\jre6\bin\npt.dll
0x6d7f0000 - 0x6d7ff000 	C:\Program Files\Java\jre6\bin\zip.dll
0x6d200000 - 0x6d207000 	C:\Program Files\Java\jre6\bin\dt_socket.dll
0x76770000 - 0x7679d000 	C:\Windows\system32\WS2_32.dll
0x77910000 - 0x77916000 	C:\Windows\system32\NSI.dll
0x74a10000 - 0x74a1f000 	C:\Windows\system32\NLAapi.dll
0x75c40000 - 0x75c59000 	C:\Windows\system32\IPHLPAPI.DLL
0x75c00000 - 0x75c35000 	C:\Windows\system32\dhcpcsvc.DLL
0x75e70000 - 0x75e9b000 	C:\Windows\system32\DNSAPI.dll
0x76240000 - 0x76254000 	C:\Windows\system32\Secur32.dll
0x75bf0000 - 0x75bf7000 	C:\Windows\system32\WINNSI.DLL
0x75bd0000 - 0x75bf0000 	C:\Windows\system32\dhcpcsvc6.DLL
0x75a10000 - 0x75a4b000 	C:\Windows\System32\mswsock.dll
0x71a90000 - 0x71a98000 	C:\Windows\System32\winrnr.dll
0x77840000 - 0x77889000 	C:\Windows\system32\WLDAP32.dll
0x71a80000 - 0x71a8f000 	C:\Windows\system32\napinsp.dll
0x71a10000 - 0x71a22000 	C:\Windows\system32\pnrpnsp.dll
0x719b0000 - 0x719d5000 	C:\Program Files\Bonjour\mdnsNSP.dll
0x726c0000 - 0x726c6000 	C:\Windows\system32\rasadhlp.dll
0x756e0000 - 0x756e6000 	C:\Windows\System32\wshtcpip.dll
0x6d000000 - 0x6d14a000 	C:\Program Files\Java\jre6\bin\awt.dll
0x722c0000 - 0x72301000 	C:\Windows\system32\WINSPOOL.DRV
0x75100000 - 0x75294000 	C:\Windows\WinSxS\x86_microsoft.windows.common-controls_6595b64144ccf1df_6.0.6000.16386_none_5d07289e07e1d100\COMCTL32.dll
0x77de0000 - 0x77e35000 	C:\Windows\system32\SHLWAPI.dll
0x72c70000 - 0x72c7c000 	C:\Windows\system32\DWMAPI.DLL
0x750c0000 - 0x750ff000 	C:\Windows\system32\uxtheme.dll
0x6d230000 - 0x6d284000 	C:\Program Files\Java\jre6\bin\fontmanager.dll
0x60000000 - 0x60005000 	C:\Program Files\Real\RealPlayer\rpchromebrowserrecordhelper.dll
0x76ac0000 - 0x7758e000 	C:\Windows\system32\SHELL32.dll
0x6d610000 - 0x6d623000 	C:\Program Files\Java\jre6\bin\net.dll
0x75a70000 - 0x75a76000 	C:\Windows\System32\wship6.dll
0x6d630000 - 0x6d639000 	C:\Program Files\Java\jre6\bin\nio.dll
0x6d1a0000 - 0x6d1c3000 	C:\Program Files\Java\jre6\bin\dcpr.dll
0x6d450000 - 0x6d474000 	C:\Program Files\Java\jre6\bin\jpeg.dll

VM Arguments:
jvm_args: -agentlib:jdwp=transport=dt_socket,suspend=y,address=localhost:65349 -Dfile.encoding=Cp1252 
java_command: Main.main
Launcher Type: SUN_STANDARD

Environment Variables:
CLASSPATH=.;C:\Program Files\Java\jre6\lib\ext\QTJava.zip
PATH=C:/Program Files/Java/jre6/bin/client;C:/Program Files/Java/jre6/bin;C:\Program Files\Common Files\Microsoft Shared\Windows Live;C:\GNAT\2007\bin;C:\GNAT\2007\libexec\gcc\pentium-mingw32msv\4.1.3;C:\Windows\system32;C:\Windows;C:\Windows\System32\Wbem;C:\Program Files\CyberLink\Power2Go\;c:\Program Files\Microsoft SQL Server\90\Tools\binn\;C:\Program Files\MATLAB\R2008a\bin;C:\Program Files\MATLAB\R2008a\bin\win32;C:\Program Files\Samsung\Samsung PC Studio 3\;C:\VXIPNP\WinNT\Bin;C:\Program Files\QuickTime\QTSystem\
USERNAME=César
OS=Windows_NT
PROCESSOR_IDENTIFIER=x86 Family 6 Model 15 Stepping 13, GenuineIntel



---------------  S Y S T E M  ---------------

OS: Windows Vista Build 6000 

CPU:total 2 (2 cores per cpu, 1 threads per core) family 6 model 15 stepping 13, cmov, cx8, fxsr, mmx, sse, sse2, sse3, ssse3

Memory: 4k page, physical 3134872k(1501132k free), swap 6453764k(4725856k free)

vm_info: Java HotSpot(TM) Client VM (17.0-b17) for windows-x86 JRE (1.6.0_21-b07), built on Jul 17 2010 01:10:15 by "java_re" with MS VC++ 7.1 (VS2003)

time: Mon Nov 29 02:58:02 2010
elapsed time: 842 seconds

