#
# A fatal error has been detected by the Java Runtime Environment:
#
#  EXCEPTION_ACCESS_VIOLATION (0xc0000005) at pc=0x6d802ed9, pid=5904, tid=4156
#
# JRE version: 6.0_21-b07
# Java VM: Java HotSpot(TM) Client VM (17.0-b17 mixed mode windows-x86 )
# Problematic frame:
# V  [jvm.dll+0x2ed9]
#
# If you would like to submit a bug report, please visit:
#   http://java.sun.com/webapps/bugreport/crash.jsp
#

---------------  T H R E A D  ---------------

Current thread (0x01487800):  VMThread [stack: 0x011b0000,0x01200000] [id=4156]

siginfo: ExceptionCode=0xc0000005, reading address 0x0000000c

Registers:
EAX=0x00000008, EBX=0x00b6fe90, ECX=0x13cd3fd0, EDX=0x13cd3fd0
ESP=0x011ff710, EBP=0x011ff714, ESI=0x00000008, EDI=0x13cd3fd0
EIP=0x6d802ed9, EFLAGS=0x00010202

Top of Stack: (sp=0x011ff710)
0x011ff710:   13cd3fd0 011ff724 6d802ecc 00000008
0x011ff720:   6d9b7a42 011ff73c 6d82127b 13cd3fd0
0x011ff730:   011ff78c 011ff78c 00b6d618 011ff748
0x011ff740:   6d88523b 13cd4016 011ff758 6d8d0c43
0x011ff750:   13cd4016 00b6fc58 011ff764 6d8d09f3
0x011ff760:   00b6fe50 011ff77c 6d8852b4 011ff78c
0x011ff770:   00000000 00b6d674 13cd4016 011ff798
0x011ff780:   6d8d0765 011ff78c 00000000 6da27b68 

Instructions: (pc=0x6d802ed9)
0x6d802ec9:   00 00 00 c3 cc cc cc 55 8b ec 56 8b 75 08 8b d1
0x6d802ed9:   8b 4e 04 8b c1 c1 f8 02 85 c9 89 4d 08 7f 2c 7d 


Stack: [0x011b0000,0x01200000],  sp=0x011ff710,  free space=13d011ff28ck
Native frames: (J=compiled Java code, j=interpreted, Vv=VM code, C=native code)
V  [jvm.dll+0x2ed9]
V  [jvm.dll+0x2ecc]
V  [jvm.dll+0x2127b]
V  [jvm.dll+0x8523b]
V  [jvm.dll+0xd0c43]
V  [jvm.dll+0xd09f3]
V  [jvm.dll+0x852b4]
V  [jvm.dll+0xd0765]
V  [jvm.dll+0xcb0c7]
V  [jvm.dll+0x170c75]
V  [jvm.dll+0x21b95]
V  [jvm.dll+0xcd7b6]
V  [jvm.dll+0xd0535]
V  [jvm.dll+0x17fedb]
V  [jvm.dll+0x18016d]
V  [jvm.dll+0x1803b3]
V  [jvm.dll+0x180454]
V  [jvm.dll+0xdbb26]
V  [jvm.dll+0x171114]
V  [jvm.dll+0xb6277]
V  [jvm.dll+0xb6392]
V  [jvm.dll+0x1e4468]
V  [jvm.dll+0x1e484f]
V  [jvm.dll+0x1a9109]
V  [jvm.dll+0xcc110]
V  [jvm.dll+0xccac2]
V  [jvm.dll+0xccd7b]
V  [jvm.dll+0xd0dea]
V  [jvm.dll+0x1e1382]
V  [jvm.dll+0xcbb78]
V  [jvm.dll+0xcbf61]
V  [jvm.dll+0x1fd53d]
V  [jvm.dll+0x2002e3]
V  [jvm.dll+0x1ff5ce]
V  [jvm.dll+0x1ff8f0]
V  [jvm.dll+0x1ffce2]
V  [jvm.dll+0x185f5c]
C  [msvcr71.dll+0x9565]
C  [kernel32.dll+0x43823]
C  [ntdll.dll+0x3a9bd]

JavaThread 0x17bd2c00 (nid = 3236) was being processed
Java frames: (J=compiled Java code, j=interpreted, Vv=VM code)
j  java.lang.Runtime.gc()V+0
j  java.lang.System.gc()V+3

[error occurred during error reporting (printing target Java thread stack), id 0xc0000005]

VM_Operation (0x182df29c): GenCollectFull, mode: safepoint, requested by thread 0x17bd2c00


---------------  P R O C E S S  ---------------

Java Threads: ( => current thread )
  0x17bd2c00 JavaThread "AWT-EventQueue-0" [_thread_blocked, id=3236, stack(0x18290000,0x182e0000)]
  0x17c05000 JavaThread "AWT-Windows" daemon [_thread_in_native, id=5336, stack(0x18240000,0x18290000)]
  0x17c04800 JavaThread "AWT-Shutdown" [_thread_blocked, id=5712, stack(0x17d10000,0x17d60000)]
  0x17bed000 JavaThread "Java2D Disposer" daemon [_thread_blocked, id=4012, stack(0x17a80000,0x17ad0000)]
  0x014e4400 JavaThread "Low Memory Detector" daemon [_thread_blocked, id=5544, stack(0x178a0000,0x178f0000)]
  0x014e1400 JavaThread "CompilerThread0" daemon [_thread_blocked, id=3348, stack(0x17820000,0x17870000)]
  0x014ce400 JavaThread "JDWP Command Reader" daemon [_thread_in_native, id=4940, stack(0x177d0000,0x17820000)]
  0x014cd400 JavaThread "JDWP Event Helper Thread" daemon [_thread_blocked, id=6044, stack(0x17740000,0x17790000)]
  0x014ca400 JavaThread "JDWP Transport Listener: dt_socket" daemon [_thread_blocked, id=5308, stack(0x176f0000,0x17740000)]
  0x014bd400 JavaThread "Attach Listener" daemon [_thread_blocked, id=5020, stack(0x176a0000,0x176f0000)]
  0x014ba400 JavaThread "Signal Dispatcher" daemon [_thread_blocked, id=1408, stack(0x17650000,0x176a0000)]
  0x0148e800 JavaThread "Finalizer" daemon [_thread_blocked, id=4704, stack(0x17600000,0x17650000)]
  0x0148a000 JavaThread "Reference Handler" daemon [_thread_blocked, id=6140, stack(0x175b0000,0x17600000)]
  0x00b69c00 JavaThread "main" [_thread_blocked, id=5028, stack(0x00b00000,0x00b50000)]

Other Threads:
=>0x01487800 VMThread [stack: 0x011b0000,0x01200000] [id=4156]
  0x014e5800 WatcherThread [stack: 0x17a30000,0x17a80000] [id=3092]

VM state:at safepoint (normal execution)

VM Mutex/Monitor currently owned by a thread:  ([mutex/lock_event])
[0x00b67750] Threads_lock - owner thread: 0x01487800
[0x00b67b60] Heap_lock - owner thread: 0x17bd2c00

Heap
 def new generation   total 11136K, used 72K [0x03500000, 0x04110000, 0x08a50000)
  eden space 9920K,   0% used [0x03500000, 0x035121c0, 0x03eb0000)
  from space 1216K,   0% used [0x03eb0000, 0x03eb0000, 0x03fe0000)
  to   space 1216K,   0% used [0x03fe0000, 0x03fe0000, 0x04110000)
 tenured generation   total 24644K, used 14784K [0x08a50000, 0x0a261000, 0x13500000)
   the space 24644K,  59% used [0x08a50000, 0x098c0318, 0x098ac600, 0x0a261000)
 compacting perm gen  total 12288K, used 9625K [0x13500000, 0x14100000, 0x17500000)
   the space 12288K,  78% used [0x13500000, 0x13e66660, 0x13e2f000, 0x14100000)
No shared spaces configured.

Dynamic libraries:
0x00400000 - 0x00424000 	C:\Program Files\Java\jre6\bin\javaw.exe
0x77ae0000 - 0x77bfe000 	C:\Windows\system32\ntdll.dll
0x76b60000 - 0x76c38000 	C:\Windows\system32\kernel32.dll
0x77c60000 - 0x77d1f000 	C:\Windows\system32\ADVAPI32.dll
0x767f0000 - 0x768b3000 	C:\Windows\system32\RPCRT4.dll
0x76c40000 - 0x76cde000 	C:\Windows\system32\USER32.dll
0x76b10000 - 0x76b5b000 	C:\Windows\system32\GDI32.dll
0x76af0000 - 0x76b0e000 	C:\Windows\system32\IMM32.DLL
0x76720000 - 0x767e7000 	C:\Windows\system32\MSCTF.dll
0x76670000 - 0x7671a000 	C:\Windows\system32\msvcrt.dll
0x77c50000 - 0x77c59000 	C:\Windows\system32\LPK.DLL
0x76570000 - 0x765ed000 	C:\Windows\system32\USP10.dll
0x7c340000 - 0x7c396000 	C:\Program Files\Java\jre6\bin\msvcr71.dll
0x6d800000 - 0x6daa7000 	C:\Program Files\Java\jre6\bin\client\jvm.dll
0x74b50000 - 0x74b83000 	C:\Windows\system32\WINMM.dll
0x768c0000 - 0x76a04000 	C:\Windows\system32\ole32.dll
0x76230000 - 0x762bc000 	C:\Windows\system32\OLEAUT32.dll
0x74b10000 - 0x74b48000 	C:\Windows\system32\OLEACC.dll
0x75fd0000 - 0x75ffc000 	C:\Windows\system32\apphelp.dll
0x6d7b0000 - 0x6d7bc000 	C:\Program Files\Java\jre6\bin\verify.dll
0x6d330000 - 0x6d34f000 	C:\Program Files\Java\jre6\bin\java.dll
0x6d290000 - 0x6d298000 	C:\Program Files\Java\jre6\bin\hpi.dll
0x761c0000 - 0x761c7000 	C:\Windows\system32\PSAPI.DLL
0x6d380000 - 0x6d3a9000 	C:\Program Files\Java\jre6\bin\jdwp.dll
0x6d6a0000 - 0x6d6a6000 	C:\Program Files\Java\jre6\bin\npt.dll
0x6d7f0000 - 0x6d7ff000 	C:\Program Files\Java\jre6\bin\zip.dll
0x6d200000 - 0x6d207000 	C:\Program Files\Java\jre6\bin\dt_socket.dll
0x77c20000 - 0x77c4d000 	C:\Windows\system32\WS2_32.dll
0x77c10000 - 0x77c16000 	C:\Windows\system32\NSI.dll
0x747f0000 - 0x747ff000 	C:\Windows\system32\NLAapi.dll
0x75a60000 - 0x75a79000 	C:\Windows\system32\IPHLPAPI.DLL
0x75a20000 - 0x75a55000 	C:\Windows\system32\dhcpcsvc.DLL
0x75c90000 - 0x75cbb000 	C:\Windows\system32\DNSAPI.dll
0x76060000 - 0x76074000 	C:\Windows\system32\Secur32.dll
0x75a10000 - 0x75a17000 	C:\Windows\system32\WINNSI.DLL
0x759f0000 - 0x75a10000 	C:\Windows\system32\dhcpcsvc6.DLL
0x75830000 - 0x7586b000 	C:\Windows\System32\mswsock.dll
0x71a40000 - 0x71a48000 	C:\Windows\System32\winrnr.dll
0x76aa0000 - 0x76ae9000 	C:\Windows\system32\WLDAP32.dll
0x71a50000 - 0x71a5f000 	C:\Windows\system32\napinsp.dll
0x70d70000 - 0x70d82000 	C:\Windows\system32\pnrpnsp.dll
0x70d10000 - 0x70d35000 	C:\Program Files\Bonjour\mdnsNSP.dll
0x724e0000 - 0x724e6000 	C:\Windows\system32\rasadhlp.dll
0x75500000 - 0x75506000 	C:\Windows\System32\wshtcpip.dll
0x6d000000 - 0x6d14a000 	C:\Program Files\Java\jre6\bin\awt.dll
0x72340000 - 0x72381000 	C:\Windows\system32\WINSPOOL.DRV
0x74f70000 - 0x75104000 	C:\Windows\WinSxS\x86_microsoft.windows.common-controls_6595b64144ccf1df_6.0.6000.16386_none_5d07289e07e1d100\COMCTL32.dll
0x761d0000 - 0x76225000 	C:\Windows\system32\SHLWAPI.dll
0x72c40000 - 0x72c4c000 	C:\Windows\system32\DWMAPI.DLL
0x74f30000 - 0x74f6f000 	C:\Windows\system32\uxtheme.dll
0x6d230000 - 0x6d284000 	C:\Program Files\Java\jre6\bin\fontmanager.dll
0x60000000 - 0x60005000 	C:\Program Files\Real\RealPlayer\rpchromebrowserrecordhelper.dll
0x77010000 - 0x77ade000 	C:\Windows\system32\SHELL32.dll
0x6d610000 - 0x6d623000 	C:\Program Files\Java\jre6\bin\net.dll
0x75890000 - 0x75896000 	C:\Windows\System32\wship6.dll
0x6d630000 - 0x6d639000 	C:\Program Files\Java\jre6\bin\nio.dll
0x6d1a0000 - 0x6d1c3000 	C:\Program Files\Java\jre6\bin\dcpr.dll

VM Arguments:
jvm_args: -agentlib:jdwp=transport=dt_socket,suspend=y,address=localhost:56332 -Dfile.encoding=Cp1252 
java_command: Main.main
Launcher Type: SUN_STANDARD

Environment Variables:
CLASSPATH=.;C:\Program Files\Java\jre6\lib\ext\QTJava.zip
PATH=C:/Program Files/Java/jre6/bin/client;C:/Program Files/Java/jre6/bin;C:\GNAT\2007\bin;C:\GNAT\2007\libexec\gcc\pentium-mingw32msv\4.1.3;C:\Windows\system32;C:\Windows;C:\Windows\System32\Wbem;C:\Program Files\CyberLink\Power2Go\;c:\Program Files\Microsoft SQL Server\90\Tools\binn\;C:\Program Files\MATLAB\R2008a\bin;C:\Program Files\MATLAB\R2008a\bin\win32;C:\Program Files\Samsung\Samsung PC Studio 3\;C:\VXIPNP\WinNT\Bin;C:\Program Files\QuickTime\QTSystem\
USERNAME=César
OS=Windows_NT
PROCESSOR_IDENTIFIER=x86 Family 6 Model 15 Stepping 13, GenuineIntel



---------------  S Y S T E M  ---------------

OS: Windows Vista Build 6000 

CPU:total 2 (2 cores per cpu, 1 threads per core) family 6 model 15 stepping 13, cmov, cx8, fxsr, mmx, sse, sse2, sse3, ssse3

Memory: 4k page, physical 3134872k(1106056k free), swap 6453764k(4167224k free)

vm_info: Java HotSpot(TM) Client VM (17.0-b17) for windows-x86 JRE (1.6.0_21-b07), built on Jul 17 2010 01:10:15 by "java_re" with MS VC++ 7.1 (VS2003)

time: Sat Oct 23 21:16:36 2010
elapsed time: 51 seconds

